<?xml version="1.0" encoding="UTF-8"?>
<testsuite name="org.tdd.divvy.BikeUserTest" tests="1" skipped="0" failures="0" errors="0" timestamp="2021-04-26T20:56:08" hostname="LTUS136175" time="0.073">
  <properties/>
  <testcase name="rideHistoryEmptyUponNewUserCreation()" classname="org.tdd.divvy.BikeUserTest" time="0.073"/>
  <system-out><![CDATA[]]></system-out>
  <system-err><![CDATA[]]></system-err>
</testsuite>
